Started GET "/" for 127.0.0.1 at 2018-08-16 13:58:49 -0400
  
ActiveRecord::PendingMigrationError (

Migrations are pending. To resolve this issue, run:

        bin/rails db:migrate RAILS_ENV=development

):
  

  Rendering /home/curtischatch/.rbenv/versions/2.5.1/lib/ruby/gems/2.5.0/gems/actionpack-5.0.1/lib/action_dispatch/middleware/templates/rescues/diagnostics.html.erb within rescues/layout
  Rendering /home/curtischatch/.rbenv/versions/2.5.1/lib/ruby/gems/2.5.0/gems/actionpack-5.0.1/lib/action_dispatch/middleware/templates/rescues/_source.html.erb
  Rendered /home/curtischatch/.rbenv/versions/2.5.1/lib/ruby/gems/2.5.0/gems/actionpack-5.0.1/lib/action_dispatch/middleware/templates/rescues/_source.html.erb (0.6ms)
  Rendering /home/curtischatch/.rbenv/versions/2.5.1/lib/ruby/gems/2.5.0/gems/actionpack-5.0.1/lib/action_dispatch/middleware/templates/rescues/_trace.html.erb
  Rendered /home/curtischatch/.rbenv/versions/2.5.1/lib/ruby/gems/2.5.0/gems/actionpack-5.0.1/lib/action_dispatch/middleware/templates/rescues/_trace.html.erb (1.3ms)
  Rendering /home/curtischatch/.rbenv/versions/2.5.1/lib/ruby/gems/2.5.0/gems/actionpack-5.0.1/lib/action_dispatch/middleware/templates/rescues/_request_and_response.html.erb
  Rendered /home/curtischatch/.rbenv/versions/2.5.1/lib/ruby/gems/2.5.0/gems/actionpack-5.0.1/lib/action_dispatch/middleware/templates/rescues/_request_and_response.html.erb (0.8ms)
  Rendered /home/curtischatch/.rbenv/versions/2.5.1/lib/ruby/gems/2.5.0/gems/actionpack-5.0.1/lib/action_dispatch/middleware/templates/rescues/diagnostics.html.erb within rescues/layout (24.3ms)
DEPRECATION WARNING: Accessing mime types via constants is deprecated. Please change `Mime::HTML` to `Mime[:html]`. (called from acceptable_content_type? at /home/curtischatch/.rbenv/versions/2.5.1/lib/ruby/gems/2.5.0/gems/web-console-2.3.0/lib/web_console/middleware.rb:58)
  Rendering /home/curtischatch/.rbenv/versions/2.5.1/lib/ruby/gems/2.5.0/gems/web-console-2.3.0/lib/web_console/templates/index.html.erb
  Rendered /home/curtischatch/.rbenv/versions/2.5.1/lib/ruby/gems/2.5.0/gems/web-console-2.3.0/lib/web_console/templates/_markup.html.erb (0.5ms)
  Rendering /home/curtischatch/.rbenv/versions/2.5.1/lib/ruby/gems/2.5.0/gems/web-console-2.3.0/lib/web_console/templates/console.js.erb within layouts/javascript
  Rendering /home/curtischatch/.rbenv/versions/2.5.1/lib/ruby/gems/2.5.0/gems/web-console-2.3.0/lib/web_console/templates/_inner_console_markup.html.erb within layouts/inlined_string
  Rendered /home/curtischatch/.rbenv/versions/2.5.1/lib/ruby/gems/2.5.0/gems/web-console-2.3.0/lib/web_console/templates/_inner_console_markup.html.erb within layouts/inlined_string (0.2ms)
  Rendering /home/curtischatch/.rbenv/versions/2.5.1/lib/ruby/gems/2.5.0/gems/web-console-2.3.0/lib/web_console/templates/_prompt_box_markup.html.erb within layouts/inlined_string
  Rendered /home/curtischatch/.rbenv/versions/2.5.1/lib/ruby/gems/2.5.0/gems/web-console-2.3.0/lib/web_console/templates/_prompt_box_markup.html.erb within layouts/inlined_string (0.4ms)
  Rendering /home/curtischatch/.rbenv/versions/2.5.1/lib/ruby/gems/2.5.0/gems/web-console-2.3.0/lib/web_console/templates/style.css.erb within layouts/inlined_string
  Rendered /home/curtischatch/.rbenv/versions/2.5.1/lib/ruby/gems/2.5.0/gems/web-console-2.3.0/lib/web_console/templates/style.css.erb within layouts/inlined_string (0.3ms)
DEPRECATION WARNING: Accessing mime types via constants is deprecated. Please change `Mime::WEB_CONSOLE_V2` to `Mime[:web_console_v2]`. (called from __home_curtischatch__rbenv_versions_______lib_ruby_gems_______gems_web_console_______lib_web_console_templates_console_js_erb___3373874350873759843_47376677430020 at /home/curtischatch/.rbenv/versions/2.5.1/lib/ruby/gems/2.5.0/gems/web-console-2.3.0/lib/web_console/templates/console.js.erb:491)
  Rendered /home/curtischatch/.rbenv/versions/2.5.1/lib/ruby/gems/2.5.0/gems/web-console-2.3.0/lib/web_console/templates/console.js.erb within layouts/javascript (22.7ms)
  Rendering /home/curtischatch/.rbenv/versions/2.5.1/lib/ruby/gems/2.5.0/gems/web-console-2.3.0/lib/web_console/templates/main.js.erb within layouts/javascript
  Rendered /home/curtischatch/.rbenv/versions/2.5.1/lib/ruby/gems/2.5.0/gems/web-console-2.3.0/lib/web_console/templates/main.js.erb within layouts/javascript (0.4ms)
  Rendering /home/curtischatch/.rbenv/versions/2.5.1/lib/ruby/gems/2.5.0/gems/web-console-2.3.0/lib/web_console/templates/error_page.js.erb within layouts/javascript
  Rendered /home/curtischatch/.rbenv/versions/2.5.1/lib/ruby/gems/2.5.0/gems/web-console-2.3.0/lib/web_console/templates/error_page.js.erb within layouts/javascript (0.4ms)
  Rendered /home/curtischatch/.rbenv/versions/2.5.1/lib/ruby/gems/2.5.0/gems/web-console-2.3.0/lib/web_console/templates/index.html.erb (45.3ms)
Started GET "/" for 127.0.0.1 at 2018-08-16 13:58:50 -0400
  
ActiveRecord::PendingMigrationError (

Migrations are pending. To resolve this issue, run:

        bin/rails db:migrate RAILS_ENV=development

):
  

  Rendering /home/curtischatch/.rbenv/versions/2.5.1/lib/ruby/gems/2.5.0/gems/actionpack-5.0.1/lib/action_dispatch/middleware/templates/rescues/diagnostics.html.erb within rescues/layout
  Rendering /home/curtischatch/.rbenv/versions/2.5.1/lib/ruby/gems/2.5.0/gems/actionpack-5.0.1/lib/action_dispatch/middleware/templates/rescues/_source.html.erb
  Rendered /home/curtischatch/.rbenv/versions/2.5.1/lib/ruby/gems/2.5.0/gems/actionpack-5.0.1/lib/action_dispatch/middleware/templates/rescues/_source.html.erb (0.5ms)
  Rendering /home/curtischatch/.rbenv/versions/2.5.1/lib/ruby/gems/2.5.0/gems/actionpack-5.0.1/lib/action_dispatch/middleware/templates/rescues/_trace.html.erb
  Rendered /home/curtischatch/.rbenv/versions/2.5.1/lib/ruby/gems/2.5.0/gems/actionpack-5.0.1/lib/action_dispatch/middleware/templates/rescues/_trace.html.erb (1.1ms)
  Rendering /home/curtischatch/.rbenv/versions/2.5.1/lib/ruby/gems/2.5.0/gems/actionpack-5.0.1/lib/action_dispatch/middleware/templates/rescues/_request_and_response.html.erb
  Rendered /home/curtischatch/.rbenv/versions/2.5.1/lib/ruby/gems/2.5.0/gems/actionpack-5.0.1/lib/action_dispatch/middleware/templates/rescues/_request_and_response.html.erb (0.6ms)
  Rendered /home/curtischatch/.rbenv/versions/2.5.1/lib/ruby/gems/2.5.0/gems/actionpack-5.0.1/lib/action_dispatch/middleware/templates/rescues/diagnostics.html.erb within rescues/layout (21.8ms)
DEPRECATION WARNING: Accessing mime types via constants is deprecated. Please change `Mime::HTML` to `Mime[:html]`. (called from acceptable_content_type? at /home/curtischatch/.rbenv/versions/2.5.1/lib/ruby/gems/2.5.0/gems/web-console-2.3.0/lib/web_console/middleware.rb:58)
  Rendering /home/curtischatch/.rbenv/versions/2.5.1/lib/ruby/gems/2.5.0/gems/web-console-2.3.0/lib/web_console/templates/index.html.erb
  Rendered /home/curtischatch/.rbenv/versions/2.5.1/lib/ruby/gems/2.5.0/gems/web-console-2.3.0/lib/web_console/templates/_markup.html.erb (0.8ms)
  Rendering /home/curtischatch/.rbenv/versions/2.5.1/lib/ruby/gems/2.5.0/gems/web-console-2.3.0/lib/web_console/templates/console.js.erb within layouts/javascript
  Rendering /home/curtischatch/.rbenv/versions/2.5.1/lib/ruby/gems/2.5.0/gems/web-console-2.3.0/lib/web_console/templates/_inner_console_markup.html.erb within layouts/inlined_string
  Rendered /home/curtischatch/.rbenv/versions/2.5.1/lib/ruby/gems/2.5.0/gems/web-console-2.3.0/lib/web_console/templates/_inner_console_markup.html.erb within layouts/inlined_string (0.2ms)
  Rendering /home/curtischatch/.rbenv/versions/2.5.1/lib/ruby/gems/2.5.0/gems/web-console-2.3.0/lib/web_console/templates/_prompt_box_markup.html.erb within layouts/inlined_string
  Rendered /home/curtischatch/.rbenv/versions/2.5.1/lib/ruby/gems/2.5.0/gems/web-console-2.3.0/lib/web_console/templates/_prompt_box_markup.html.erb within layouts/inlined_string (0.5ms)
  Rendering /home/curtischatch/.rbenv/versions/2.5.1/lib/ruby/gems/2.5.0/gems/web-console-2.3.0/lib/web_console/templates/style.css.erb within layouts/inlined_string
  Rendered /home/curtischatch/.rbenv/versions/2.5.1/lib/ruby/gems/2.5.0/gems/web-console-2.3.0/lib/web_console/templates/style.css.erb within layouts/inlined_string (0.3ms)
DEPRECATION WARNING: Accessing mime types via constants is deprecated. Please change `Mime::WEB_CONSOLE_V2` to `Mime[:web_console_v2]`. (called from __home_curtischatch__rbenv_versions_______lib_ruby_gems_______gems_web_console_______lib_web_console_templates_console_js_erb___3373874350873759843_47376684828620 at /home/curtischatch/.rbenv/versions/2.5.1/lib/ruby/gems/2.5.0/gems/web-console-2.3.0/lib/web_console/templates/console.js.erb:491)
  Rendered /home/curtischatch/.rbenv/versions/2.5.1/lib/ruby/gems/2.5.0/gems/web-console-2.3.0/lib/web_console/templates/console.js.erb within layouts/javascript (17.7ms)
  Rendering /home/curtischatch/.rbenv/versions/2.5.1/lib/ruby/gems/2.5.0/gems/web-console-2.3.0/lib/web_console/templates/main.js.erb within layouts/javascript
  Rendered /home/curtischatch/.rbenv/versions/2.5.1/lib/ruby/gems/2.5.0/gems/web-console-2.3.0/lib/web_console/templates/main.js.erb within layouts/javascript (0.2ms)
  Rendering /home/curtischatch/.rbenv/versions/2.5.1/lib/ruby/gems/2.5.0/gems/web-console-2.3.0/lib/web_console/templates/error_page.js.erb within layouts/javascript
  Rendered /home/curtischatch/.rbenv/versions/2.5.1/lib/ruby/gems/2.5.0/gems/web-console-2.3.0/lib/web_console/templates/error_page.js.erb within layouts/javascript (0.4ms)
  Rendered /home/curtischatch/.rbenv/versions/2.5.1/lib/ruby/gems/2.5.0/gems/web-console-2.3.0/lib/web_console/templates/index.html.erb (36.3ms)
Started GET "/" for 127.0.0.1 at 2018-08-16 13:58:51 -0400
  
ActiveRecord::PendingMigrationError (

Migrations are pending. To resolve this issue, run:

        bin/rails db:migrate RAILS_ENV=development

):
  

  Rendering /home/curtischatch/.rbenv/versions/2.5.1/lib/ruby/gems/2.5.0/gems/actionpack-5.0.1/lib/action_dispatch/middleware/templates/rescues/diagnostics.html.erb within rescues/layout
  Rendering /home/curtischatch/.rbenv/versions/2.5.1/lib/ruby/gems/2.5.0/gems/actionpack-5.0.1/lib/action_dispatch/middleware/templates/rescues/_source.html.erb
  Rendered /home/curtischatch/.rbenv/versions/2.5.1/lib/ruby/gems/2.5.0/gems/actionpack-5.0.1/lib/action_dispatch/middleware/templates/rescues/_source.html.erb (0.6ms)
  Rendering /home/curtischatch/.rbenv/versions/2.5.1/lib/ruby/gems/2.5.0/gems/actionpack-5.0.1/lib/action_dispatch/middleware/templates/rescues/_trace.html.erb
  Rendered /home/curtischatch/.rbenv/versions/2.5.1/lib/ruby/gems/2.5.0/gems/actionpack-5.0.1/lib/action_dispatch/middleware/templates/rescues/_trace.html.erb (0.7ms)
  Rendering /home/curtischatch/.rbenv/versions/2.5.1/lib/ruby/gems/2.5.0/gems/actionpack-5.0.1/lib/action_dispatch/middleware/templates/rescues/_request_and_response.html.erb
  Rendered /home/curtischatch/.rbenv/versions/2.5.1/lib/ruby/gems/2.5.0/gems/actionpack-5.0.1/lib/action_dispatch/middleware/templates/rescues/_request_and_response.html.erb (0.9ms)
  Rendered /home/curtischatch/.rbenv/versions/2.5.1/lib/ruby/gems/2.5.0/gems/actionpack-5.0.1/lib/action_dispatch/middleware/templates/rescues/diagnostics.html.erb within rescues/layout (19.6ms)
DEPRECATION WARNING: Accessing mime types via constants is deprecated. Please change `Mime::HTML` to `Mime[:html]`. (called from acceptable_content_type? at /home/curtischatch/.rbenv/versions/2.5.1/lib/ruby/gems/2.5.0/gems/web-console-2.3.0/lib/web_console/middleware.rb:58)
  Rendering /home/curtischatch/.rbenv/versions/2.5.1/lib/ruby/gems/2.5.0/gems/web-console-2.3.0/lib/web_console/templates/index.html.erb
  Rendered /home/curtischatch/.rbenv/versions/2.5.1/lib/ruby/gems/2.5.0/gems/web-console-2.3.0/lib/web_console/templates/_markup.html.erb (0.2ms)
  Rendering /home/curtischatch/.rbenv/versions/2.5.1/lib/ruby/gems/2.5.0/gems/web-console-2.3.0/lib/web_console/templates/console.js.erb within layouts/javascript
  Rendering /home/curtischatch/.rbenv/versions/2.5.1/lib/ruby/gems/2.5.0/gems/web-console-2.3.0/lib/web_console/templates/_inner_console_markup.html.erb within layouts/inlined_string
  Rendered /home/curtischatch/.rbenv/versions/2.5.1/lib/ruby/gems/2.5.0/gems/web-console-2.3.0/lib/web_console/templates/_inner_console_markup.html.erb within layouts/inlined_string (0.3ms)
  Rendering /home/curtischatch/.rbenv/versions/2.5.1/lib/ruby/gems/2.5.0/gems/web-console-2.3.0/lib/web_console/templates/_prompt_box_markup.html.erb within layouts/inlined_string
  Rendered /home/curtischatch/.rbenv/versions/2.5.1/lib/ruby/gems/2.5.0/gems/web-console-2.3.0/lib/web_console/templates/_prompt_box_markup.html.erb within layouts/inlined_string (0.2ms)
  Rendering /home/curtischatch/.rbenv/versions/2.5.1/lib/ruby/gems/2.5.0/gems/web-console-2.3.0/lib/web_console/templates/style.css.erb within layouts/inlined_string
  Rendered /home/curtischatch/.rbenv/versions/2.5.1/lib/ruby/gems/2.5.0/gems/web-console-2.3.0/lib/web_console/templates/style.css.erb within layouts/inlined_string (0.4ms)
DEPRECATION WARNING: Accessing mime types via constants is deprecated. Please change `Mime::WEB_CONSOLE_V2` to `Mime[:web_console_v2]`. (called from __home_curtischatch__rbenv_versions_______lib_ruby_gems_______gems_web_console_______lib_web_console_templates_console_js_erb___3373874350873759843_47376683311300 at /home/curtischatch/.rbenv/versions/2.5.1/lib/ruby/gems/2.5.0/gems/web-console-2.3.0/lib/web_console/templates/console.js.erb:491)
  Rendered /home/curtischatch/.rbenv/versions/2.5.1/lib/ruby/gems/2.5.0/gems/web-console-2.3.0/lib/web_console/templates/console.js.erb within layouts/javascript (18.0ms)
  Rendering /home/curtischatch/.rbenv/versions/2.5.1/lib/ruby/gems/2.5.0/gems/web-console-2.3.0/lib/web_console/templates/main.js.erb within layouts/javascript
  Rendered /home/curtischatch/.rbenv/versions/2.5.1/lib/ruby/gems/2.5.0/gems/web-console-2.3.0/lib/web_console/templates/main.js.erb within layouts/javascript (0.3ms)
  Rendering /home/curtischatch/.rbenv/versions/2.5.1/lib/ruby/gems/2.5.0/gems/web-console-2.3.0/lib/web_console/templates/error_page.js.erb within layouts/javascript
  Rendered /home/curtischatch/.rbenv/versions/2.5.1/lib/ruby/gems/2.5.0/gems/web-console-2.3.0/lib/web_console/templates/error_page.js.erb within layouts/javascript (0.3ms)
  Rendered /home/curtischatch/.rbenv/versions/2.5.1/lib/ruby/gems/2.5.0/gems/web-console-2.3.0/lib/web_console/templates/index.html.erb (35.3ms)
Started GET "/" for 127.0.0.1 at 2018-08-16 13:58:52 -0400
  
ActiveRecord::PendingMigrationError (

Migrations are pending. To resolve this issue, run:

        bin/rails db:migrate RAILS_ENV=development

):
  

  Rendering /home/curtischatch/.rbenv/versions/2.5.1/lib/ruby/gems/2.5.0/gems/actionpack-5.0.1/lib/action_dispatch/middleware/templates/rescues/diagnostics.html.erb within rescues/layout
  Rendering /home/curtischatch/.rbenv/versions/2.5.1/lib/ruby/gems/2.5.0/gems/actionpack-5.0.1/lib/action_dispatch/middleware/templates/rescues/_source.html.erb
  Rendered /home/curtischatch/.rbenv/versions/2.5.1/lib/ruby/gems/2.5.0/gems/actionpack-5.0.1/lib/action_dispatch/middleware/templates/rescues/_source.html.erb (0.5ms)
  Rendering /home/curtischatch/.rbenv/versions/2.5.1/lib/ruby/gems/2.5.0/gems/actionpack-5.0.1/lib/action_dispatch/middleware/templates/rescues/_trace.html.erb
  Rendered /home/curtischatch/.rbenv/versions/2.5.1/lib/ruby/gems/2.5.0/gems/actionpack-5.0.1/lib/action_dispatch/middleware/templates/rescues/_trace.html.erb (1.2ms)
  Rendering /home/curtischatch/.rbenv/versions/2.5.1/lib/ruby/gems/2.5.0/gems/actionpack-5.0.1/lib/action_dispatch/middleware/templates/rescues/_request_and_response.html.erb
  Rendered /home/curtischatch/.rbenv/versions/2.5.1/lib/ruby/gems/2.5.0/gems/actionpack-5.0.1/lib/action_dispatch/middleware/templates/rescues/_request_and_response.html.erb (0.7ms)
  Rendered /home/curtischatch/.rbenv/versions/2.5.1/lib/ruby/gems/2.5.0/gems/actionpack-5.0.1/lib/action_dispatch/middleware/templates/rescues/diagnostics.html.erb within rescues/layout (17.4ms)
DEPRECATION WARNING: Accessing mime types via constants is deprecated. Please change `Mime::HTML` to `Mime[:html]`. (called from acceptable_content_type? at /home/curtischatch/.rbenv/versions/2.5.1/lib/ruby/gems/2.5.0/gems/web-console-2.3.0/lib/web_console/middleware.rb:58)
  Rendering /home/curtischatch/.rbenv/versions/2.5.1/lib/ruby/gems/2.5.0/gems/web-console-2.3.0/lib/web_console/templates/index.html.erb
  Rendered /home/curtischatch/.rbenv/versions/2.5.1/lib/ruby/gems/2.5.0/gems/web-console-2.3.0/lib/web_console/templates/_markup.html.erb (0.5ms)
  Rendering /home/curtischatch/.rbenv/versions/2.5.1/lib/ruby/gems/2.5.0/gems/web-console-2.3.0/lib/web_console/templates/console.js.erb within layouts/javascript
  Rendering /home/curtischatch/.rbenv/versions/2.5.1/lib/ruby/gems/2.5.0/gems/web-console-2.3.0/lib/web_console/templates/_inner_console_markup.html.erb within layouts/inlined_string
  Rendered /home/curtischatch/.rbenv/versions/2.5.1/lib/ruby/gems/2.5.0/gems/web-console-2.3.0/lib/web_console/templates/_inner_console_markup.html.erb within layouts/inlined_string (0.2ms)
  Rendering /home/curtischatch/.rbenv/versions/2.5.1/lib/ruby/gems/2.5.0/gems/web-console-2.3.0/lib/web_console/templates/_prompt_box_markup.html.erb within layouts/inlined_string
  Rendered /home/curtischatch/.rbenv/versions/2.5.1/lib/ruby/gems/2.5.0/gems/web-console-2.3.0/lib/web_console/templates/_prompt_box_markup.html.erb within layouts/inlined_string (0.4ms)
  Rendering /home/curtischatch/.rbenv/versions/2.5.1/lib/ruby/gems/2.5.0/gems/web-console-2.3.0/lib/web_console/templates/style.css.erb within layouts/inlined_string
  Rendered /home/curtischatch/.rbenv/versions/2.5.1/lib/ruby/gems/2.5.0/gems/web-console-2.3.0/lib/web_console/templates/style.css.erb within layouts/inlined_string (0.3ms)
DEPRECATION WARNING: Accessing mime types via constants is deprecated. Please change `Mime::WEB_CONSOLE_V2` to `Mime[:web_console_v2]`. (called from __home_curtischatch__rbenv_versions_______lib_ruby_gems_______gems_web_console_______lib_web_console_templates_console_js_erb___3373874350873759843_47376682288080 at /home/curtischatch/.rbenv/versions/2.5.1/lib/ruby/gems/2.5.0/gems/web-console-2.3.0/lib/web_console/templates/console.js.erb:491)
  Rendered /home/curtischatch/.rbenv/versions/2.5.1/lib/ruby/gems/2.5.0/gems/web-console-2.3.0/lib/web_console/templates/console.js.erb within layouts/javascript (18.2ms)
  Rendering /home/curtischatch/.rbenv/versions/2.5.1/lib/ruby/gems/2.5.0/gems/web-console-2.3.0/lib/web_console/templates/main.js.erb within layouts/javascript
  Rendered /home/curtischatch/.rbenv/versions/2.5.1/lib/ruby/gems/2.5.0/gems/web-console-2.3.0/lib/web_console/templates/main.js.erb within layouts/javascript (0.3ms)
  Rendering /home/curtischatch/.rbenv/versions/2.5.1/lib/ruby/gems/2.5.0/gems/web-console-2.3.0/lib/web_console/templates/error_page.js.erb within layouts/javascript
  Rendered /home/curtischatch/.rbenv/versions/2.5.1/lib/ruby/gems/2.5.0/gems/web-console-2.3.0/lib/web_console/templates/error_page.js.erb within layouts/javascript (0.5ms)
  Rendered /home/curtischatch/.rbenv/versions/2.5.1/lib/ruby/gems/2.5.0/gems/web-console-2.3.0/lib/web_console/templates/index.html.erb (38.6ms)
  [1m[35m (2.5ms)[0m  [1m[35mCREATE TABLE "schema_migrations" ("version" varchar NOT NULL PRIMARY KEY)[0m
  [1m[35m (1.8ms)[0m  [1m[35mCREATE TABLE "ar_internal_metadata" ("key" varchar NOT NULL PRIMARY KEY, "value" varchar, "created_at" datetime NOT NULL, "updated_at" datetime NOT NULL)[0m
  [1m[36mActiveRecord::SchemaMigration Load (0.2ms)[0m  [1m[34mSELECT "schema_migrations".* FROM "schema_migrations"[0m
Migrating to CreatePictures (20180805030732)
  [1m[35m (0.0ms)[0m  [1m[36mbegin transaction[0m
  [1m[35m (0.3ms)[0m  [1m[35mCREATE TABLE "pictures" ("id" INTEGER PRIMARY KEY AUTOINCREMENT NOT NULL, "artist" varchar, "title" varchar, "url" varchar, "created_at" datetime NOT NULL, "updated_at" datetime NOT NULL)[0m
  [1m[35mSQL (0.2ms)[0m  [1m[32mINSERT INTO "schema_migrations" ("version") VALUES (?)[0m  [["version", "20180805030732"]]
  [1m[35m (1.7ms)[0m  [1m[36mcommit transaction[0m
  [1m[36mActiveRecord::InternalMetadata Load (0.1ms)[0m  [1m[34mSELECT  "ar_internal_metadata".* FROM "ar_internal_metadata" WHERE "ar_internal_metadata"."key" = ? LIMIT ?[0m  [["key", :environment], ["LIMIT", 1]]
  [1m[35m (0.0ms)[0m  [1m[36mbegin transaction[0m
  [1m[35mSQL (0.2ms)[0m  [1m[32mINSERT INTO "ar_internal_metadata" ("key", "value", "created_at", "updated_at") VALUES (?, ?, ?, ?)[0m  [["key", "environment"], ["value", "development"], ["created_at", 2018-08-16 17:59:08 UTC], ["updated_at", 2018-08-16 17:59:08 UTC]]
  [1m[35m (1.5ms)[0m  [1m[36mcommit transaction[0m
  [1m[36mActiveRecord::SchemaMigration Load (0.1ms)[0m  [1m[34mSELECT "schema_migrations".* FROM "schema_migrations"[0m
Started GET "/" for 127.0.0.1 at 2018-08-16 13:59:18 -0400
  [1m[36mActiveRecord::SchemaMigration Load (0.3ms)[0m  [1m[34mSELECT "schema_migrations".* FROM "schema_migrations"[0m
Processing by PicturesController#index as HTML
  Rendering pictures/index.html.erb within layouts/application
  [1m[36mPicture Load (0.1ms)[0m  [1m[34mSELECT "pictures".* FROM "pictures"[0m
  [1m[36mPicture Load (0.1ms)[0m  [1m[34mSELECT "pictures".* FROM "pictures" WHERE (created_at < '2018-07-07 00:00:00')[0m
  [1m[36mPicture Load (0.1ms)[0m  [1m[34mSELECT "pictures".* FROM "pictures" WHERE (created_at LIKE '2017%')[0m
  [1m[36mPicture Load (0.1ms)[0m  [1m[34mSELECT "pictures".* FROM "pictures" WHERE (created_at LIKE '2018%')[0m
  Rendered pictures/index.html.erb within layouts/application (6.3ms)
Completed 200 OK in 1385ms (Views: 1381.4ms | ActiveRecord: 0.6ms)


Started GET "/" for 127.0.0.1 at 2018-08-16 13:59:22 -0400
Processing by PicturesController#index as HTML
  Rendering pictures/index.html.erb within layouts/application
  [1m[36mPicture Load (0.3ms)[0m  [1m[34mSELECT "pictures".* FROM "pictures"[0m
  [1m[36mPicture Load (0.1ms)[0m  [1m[34mSELECT "pictures".* FROM "pictures" WHERE (created_at < '2018-07-07 00:00:00')[0m
  [1m[36mPicture Load (0.1ms)[0m  [1m[34mSELECT "pictures".* FROM "pictures" WHERE (created_at LIKE '2017%')[0m
  [1m[36mPicture Load (0.1ms)[0m  [1m[34mSELECT "pictures".* FROM "pictures" WHERE (created_at LIKE '2018%')[0m
  Rendered pictures/index.html.erb within layouts/application (3.3ms)
Completed 200 OK in 13ms (Views: 11.4ms | ActiveRecord: 0.6ms)


Started GET "/" for 127.0.0.1 at 2018-08-16 13:59:23 -0400
Processing by PicturesController#index as HTML
  Rendering pictures/index.html.erb within layouts/application
  [1m[36mPicture Load (0.2ms)[0m  [1m[34mSELECT "pictures".* FROM "pictures"[0m
  [1m[36mPicture Load (0.1ms)[0m  [1m[34mSELECT "pictures".* FROM "pictures" WHERE (created_at < '2018-07-07 00:00:00')[0m
  [1m[36mPicture Load (0.1ms)[0m  [1m[34mSELECT "pictures".* FROM "pictures" WHERE (created_at LIKE '2017%')[0m
  [1m[36mPicture Load (0.1ms)[0m  [1m[34mSELECT "pictures".* FROM "pictures" WHERE (created_at LIKE '2018%')[0m
  Rendered pictures/index.html.erb within layouts/application (1.9ms)
Completed 200 OK in 13ms (Views: 11.1ms | ActiveRecord: 0.4ms)


Started GET "/pictures/new" for 127.0.0.1 at 2018-08-16 13:59:25 -0400
Processing by PicturesController#new as HTML
  Rendering pictures/new.html.erb within layouts/application
  Rendered pictures/new.html.erb within layouts/application (21.0ms)
Completed 200 OK in 41ms (Views: 33.1ms | ActiveRecord: 0.6ms)


Started GET "/pictures/new" for 127.0.0.1 at 2018-08-16 13:59:27 -0400
Processing by PicturesController#new as HTML
  Rendering pictures/new.html.erb within layouts/application
  Rendered pictures/new.html.erb within layouts/application (2.2ms)
Completed 200 OK in 11ms (Views: 10.3ms | ActiveRecord: 0.0ms)


Started GET "/" for 127.0.0.1 at 2018-08-16 14:01:00 -0400
Processing by PicturesController#index as HTML
  Rendering pictures/index.html.erb within layouts/application
  [1m[36mPicture Load (0.5ms)[0m  [1m[34mSELECT "pictures".* FROM "pictures"[0m
  [1m[36mPicture Load (0.1ms)[0m  [1m[34mSELECT "pictures".* FROM "pictures" WHERE (created_at < '2018-07-07 00:00:00')[0m
  [1m[36mPicture Load (0.1ms)[0m  [1m[34mSELECT "pictures".* FROM "pictures" WHERE (created_at LIKE '2017%')[0m
  [1m[36mPicture Load (0.1ms)[0m  [1m[34mSELECT "pictures".* FROM "pictures" WHERE (created_at LIKE '2018%')[0m
  Rendered pictures/index.html.erb within layouts/application (3.0ms)
Completed 200 OK in 14ms (Views: 12.0ms | ActiveRecord: 0.7ms)


Started GET "/" for 127.0.0.1 at 2018-08-16 14:01:06 -0400
Processing by PicturesController#index as HTML
  Rendering pictures/index.html.erb within layouts/application
  [1m[36mPicture Load (0.2ms)[0m  [1m[34mSELECT "pictures".* FROM "pictures"[0m
  [1m[36mPicture Load (0.2ms)[0m  [1m[34mSELECT "pictures".* FROM "pictures" WHERE (created_at < '2018-07-07 00:00:00')[0m
  [1m[36mPicture Load (0.1ms)[0m  [1m[34mSELECT "pictures".* FROM "pictures" WHERE (created_at LIKE '2017%')[0m
  [1m[36mPicture Load (0.1ms)[0m  [1m[34mSELECT "pictures".* FROM "pictures" WHERE (created_at LIKE '2018%')[0m
  Rendered pictures/index.html.erb within layouts/application (4.0ms)
Completed 200 OK in 16ms (Views: 13.5ms | ActiveRecord: 0.7ms)


Started GET "/pictures/new" for 127.0.0.1 at 2018-08-16 14:01:08 -0400
Processing by PicturesController#new as HTML
  Rendering pictures/new.html.erb within layouts/application
  Rendered pictures/new.html.erb within layouts/application (2.6ms)
Completed 200 OK in 14ms (Views: 12.4ms | ActiveRecord: 0.0ms)


Started GET "/" for 127.0.0.1 at 2018-08-16 14:07:45 -0400
  [1m[36mActiveRecord::SchemaMigration Load (0.4ms)[0m  [1m[34mSELECT "schema_migrations".* FROM "schema_migrations"[0m
Processing by PicturesController#index as HTML
  Rendering pictures/index.html.erb within layouts/application
  [1m[36mPicture Load (0.1ms)[0m  [1m[34mSELECT "pictures".* FROM "pictures"[0m
  [1m[36mPicture Load (0.1ms)[0m  [1m[34mSELECT "pictures".* FROM "pictures" WHERE (created_at < '2018-07-07 00:00:00')[0m
  [1m[36mPicture Load (0.1ms)[0m  [1m[34mSELECT "pictures".* FROM "pictures" WHERE (created_at LIKE '2017%')[0m
  [1m[36mPicture Load (0.1ms)[0m  [1m[34mSELECT "pictures".* FROM "pictures" WHERE (created_at LIKE '2018%')[0m
  Rendered pictures/index.html.erb within layouts/application (5.8ms)
Completed 200 OK in 201ms (Views: 197.4ms | ActiveRecord: 0.6ms)


Started GET "/" for 127.0.0.1 at 2018-08-16 14:07:46 -0400
Processing by PicturesController#index as HTML
  Rendering pictures/index.html.erb within layouts/application
  [1m[36mPicture Load (0.1ms)[0m  [1m[34mSELECT "pictures".* FROM "pictures"[0m
  [1m[36mPicture Load (0.1ms)[0m  [1m[34mSELECT "pictures".* FROM "pictures" WHERE (created_at < '2018-07-07 00:00:00')[0m
  [1m[36mPicture Load (0.1ms)[0m  [1m[34mSELECT "pictures".* FROM "pictures" WHERE (created_at LIKE '2017%')[0m
  [1m[36mPicture Load (0.1ms)[0m  [1m[34mSELECT "pictures".* FROM "pictures" WHERE (created_at LIKE '2018%')[0m
  Rendered pictures/index.html.erb within layouts/application (2.0ms)
Completed 200 OK in 14ms (Views: 12.7ms | ActiveRecord: 0.3ms)


Started GET "/" for 127.0.0.1 at 2018-08-16 14:07:47 -0400
Processing by PicturesController#index as HTML
  Rendering pictures/index.html.erb within layouts/application
  [1m[36mPicture Load (0.3ms)[0m  [1m[34mSELECT "pictures".* FROM "pictures"[0m
  [1m[36mPicture Load (0.2ms)[0m  [1m[34mSELECT "pictures".* FROM "pictures" WHERE (created_at < '2018-07-07 00:00:00')[0m
  [1m[36mPicture Load (0.2ms)[0m  [1m[34mSELECT "pictures".* FROM "pictures" WHERE (created_at LIKE '2017%')[0m
  [1m[36mPicture Load (0.1ms)[0m  [1m[34mSELECT "pictures".* FROM "pictures" WHERE (created_at LIKE '2018%')[0m
  Rendered pictures/index.html.erb within layouts/application (4.4ms)
Completed 200 OK in 15ms (Views: 12.8ms | ActiveRecord: 0.8ms)


